domains: 1
nodes  : 3131
TRIA3  : 0
TRIA6  : 0
QUAD4  : 3000
QUAD8  : 0
TETRA4 : 0
TETRA10: 0
HEXA8  : 0
HEXA20 : 0
PENTA6 : 0
PENTA15: 0
domains: 1
nodes  : 3131
TRIA3  : 0
TRIA6  : 0
QUAD4  : 3000
QUAD8  : 0
TETRA4 : 0
TETRA10: 0
HEXA8  : 0
HEXA20 : 0
PENTA6 : 0
PENTA15: 0
domains: 1
nodes  : 3131
TRIA3  : 0
TRIA6  : 0
QUAD4  : 3000
QUAD8  : 0
TETRA4 : 0
TETRA10: 0
HEXA8  : 0
HEXA20 : 0
PENTA6 : 0
PENTA15: 0
domains: 1
nodes  : 3131
TRIA3  : 0
TRIA6  : 0
QUAD4  : 3000
QUAD8  : 0
TETRA4 : 0
TETRA10: 0
HEXA8  : 0
HEXA20 : 0
PENTA6 : 0
PENTA15: 0
domains: 1
nodes  : 3131
TRIA3  : 0
TRIA6  : 0
QUAD4  : 3000
QUAD8  : 0
TETRA4 : 0
TETRA10: 0
HEXA8  : 0
HEXA20 : 0
PENTA6 : 0
PENTA15: 0
domains: 1
nodes  : 3131
TRIA3  : 0
TRIA6  : 0
QUAD4  : 3000
QUAD8  : 0
TETRA4 : 0
TETRA10: 0
HEXA8  : 0
HEXA20 : 0
PENTA6 : 0
PENTA15: 0
domains: 1
nodes  : 3131
TRIA3  : 0
TRIA6  : 0
QUAD4  : 3000
QUAD8  : 0
TETRA4 : 0
TETRA10: 0
HEXA8  : 0
HEXA20 : 0
PENTA6 : 0
PENTA15: 0
domains: 1
nodes  : 3131
TRIA3  : 0
TRIA6  : 0
QUAD4  : 3000
QUAD8  : 0
TETRA4 : 0
TETRA10: 0
HEXA8  : 0
HEXA20 : 0
PENTA6 : 0
PENTA15: 0
domains: 1
nodes  : 3131
TRIA3  : 0
TRIA6  : 0
QUAD4  : 3000
QUAD8  : 0
TETRA4 : 0
TETRA10: 0
HEXA8  : 0
HEXA20 : 0
PENTA6 : 0
PENTA15: 0
domains: 1
nodes  : 3131
TRIA3  : 0
TRIA6  : 0
QUAD4  : 3000
QUAD8  : 0
TETRA4 : 0
TETRA10: 0
HEXA8  : 0
HEXA20 : 0
PENTA6 : 0
PENTA15: 0
domains: 1
nodes  : 3131
TRIA3  : 0
TRIA6  : 0
QUAD4  : 3000
QUAD8  : 0
TETRA4 : 0
TETRA10: 0
HEXA8  : 0
HEXA20 : 0
PENTA6 : 0
PENTA15: 0
domains: 0
nodes  : 3131
TRIA3  : 0
TRIA6  : 0
QUAD4  : 0
QUAD8  : 0
TETRA4 : 0
TETRA10: 0
HEXA8  : 0
HEXA20 : 0
PENTA6 : 0
PENTA15: 0
domains: 0
nodes  : 3131
TRIA3  : 0
TRIA6  : 0
QUAD4  : 0
QUAD8  : 0
TETRA4 : 0
TETRA10: 0
HEXA8  : 0
HEXA20 : 0
PENTA6 : 0
PENTA15: 0
ERROR: None optimized domain has been found. Check your inputs.
domains: 1
nodes  : 3131
TRIA3  : 0
TRIA6  : 0
QUAD4  : 3000
QUAD8  : 0
TETRA4 : 0
TETRA10: 0
HEXA8  : 0
HEXA20 : 0
PENTA6 : 0
PENTA15: 0
domains: 1
nodes  : 3131
TRIA3  : 0
TRIA6  : 0
QUAD4  : 3000
QUAD8  : 0
TETRA4 : 0
TETRA10: 0
HEXA8  : 0
HEXA20 : 0
PENTA6 : 0
PENTA15: 0
domains: 1
nodes  : 3131
TRIA3  : 0
TRIA6  : 0
QUAD4  : 3000
QUAD8  : 0
TETRA4 : 0
TETRA10: 0
HEXA8  : 0
HEXA20 : 0
PENTA6 : 0
PENTA15: 0
domains: 1
nodes  : 3131
TRIA3  : 0
TRIA6  : 0
QUAD4  : 3000
QUAD8  : 0
TETRA4 : 0
TETRA10: 0
HEXA8  : 0
HEXA20 : 0
PENTA6 : 0
PENTA15: 0
domains: 1
nodes  : 3131
TRIA3  : 0
TRIA6  : 0
QUAD4  : 3000
QUAD8  : 0
TETRA4 : 0
TETRA10: 0
HEXA8  : 0
HEXA20 : 0
PENTA6 : 0
PENTA15: 0
domains: 1
nodes  : 3131
TRIA3  : 0
TRIA6  : 0
QUAD4  : 3000
QUAD8  : 0
TETRA4 : 0
TETRA10: 0
HEXA8  : 0
HEXA20 : 0
PENTA6 : 0
PENTA15: 0
domains: 1
nodes  : 3131
TRIA3  : 0
TRIA6  : 0
QUAD4  : 3000
QUAD8  : 0
TETRA4 : 0
TETRA10: 0
HEXA8  : 0
HEXA20 : 0
PENTA6 : 0
PENTA15: 0
domains: 1
nodes  : 3131
TRIA3  : 0
TRIA6  : 0
QUAD4  : 3000
QUAD8  : 0
TETRA4 : 0
TETRA10: 0
HEXA8  : 0
HEXA20 : 0
PENTA6 : 0
PENTA15: 0
domains: 1
nodes  : 3131
TRIA3  : 0
TRIA6  : 0
QUAD4  : 3000
QUAD8  : 0
TETRA4 : 0
TETRA10: 0
HEXA8  : 0
HEXA20 : 0
PENTA6 : 0
PENTA15: 0
domains: 1
nodes  : 3131
TRIA3  : 0
TRIA6  : 0
QUAD4  : 3000
QUAD8  : 0
TETRA4 : 0
TETRA10: 0
HEXA8  : 0
HEXA20 : 0
PENTA6 : 0
PENTA15: 0
domains: 1
nodes  : 3131
TRIA3  : 0
TRIA6  : 0
QUAD4  : 3000
QUAD8  : 0
TETRA4 : 0
TETRA10: 0
HEXA8  : 0
HEXA20 : 0
PENTA6 : 0
PENTA15: 0
domains: 1
nodes  : 3131
TRIA3  : 0
TRIA6  : 0
QUAD4  : 3000
QUAD8  : 0
TETRA4 : 0
TETRA10: 0
HEXA8  : 0
HEXA20 : 0
PENTA6 : 0
PENTA15: 0
domains: 1
nodes  : 3131
TRIA3  : 0
TRIA6  : 0
QUAD4  : 3000
QUAD8  : 0
TETRA4 : 0
TETRA10: 0
HEXA8  : 0
HEXA20 : 0
PENTA6 : 0
PENTA15: 0
domains: 1
nodes  : 3131
TRIA3  : 0
TRIA6  : 0
QUAD4  : 3000
QUAD8  : 0
TETRA4 : 0
TETRA10: 0
HEXA8  : 0
HEXA20 : 0
PENTA6 : 0
PENTA15: 0
domains: 1
nodes  : 3131
TRIA3  : 0
TRIA6  : 0
QUAD4  : 3000
QUAD8  : 0
TETRA4 : 0
TETRA10: 0
HEXA8  : 0
HEXA20 : 0
PENTA6 : 0
PENTA15: 0
domains: 1
nodes  : 3131
TRIA3  : 0
TRIA6  : 0
QUAD4  : 3000
QUAD8  : 0
TETRA4 : 0
TETRA10: 0
HEXA8  : 0
HEXA20 : 0
PENTA6 : 0
PENTA15: 0
domains: 1
nodes  : 3131
TRIA3  : 0
TRIA6  : 0
QUAD4  : 3000
QUAD8  : 0
TETRA4 : 0
TETRA10: 0
HEXA8  : 0
HEXA20 : 0
PENTA6 : 0
PENTA15: 0
domains: 1
nodes  : 3131
TRIA3  : 0
TRIA6  : 0
QUAD4  : 3000
QUAD8  : 0
TETRA4 : 0
TETRA10: 0
HEXA8  : 0
HEXA20 : 0
PENTA6 : 0
PENTA15: 0
domains: 1
nodes  : 3131
TRIA3  : 0
TRIA6  : 0
QUAD4  : 3000
QUAD8  : 0
TETRA4 : 0
TETRA10: 0
HEXA8  : 0
HEXA20 : 0
PENTA6 : 0
PENTA15: 0
domains: 1
nodes  : 3131
TRIA3  : 0
TRIA6  : 0
QUAD4  : 3000
QUAD8  : 0
TETRA4 : 0
TETRA10: 0
HEXA8  : 0
HEXA20 : 0
PENTA6 : 0
PENTA15: 0
domains: 1
nodes  : 3131
TRIA3  : 0
TRIA6  : 0
QUAD4  : 3000
QUAD8  : 0
TETRA4 : 0
TETRA10: 0
HEXA8  : 0
HEXA20 : 0
PENTA6 : 0
PENTA15: 0
domains: 1
nodes  : 3131
TRIA3  : 0
TRIA6  : 0
QUAD4  : 3000
QUAD8  : 0
TETRA4 : 0
TETRA10: 0
HEXA8  : 0
HEXA20 : 0
PENTA6 : 0
PENTA15: 0
domains: 1
nodes  : 3131
TRIA3  : 0
TRIA6  : 0
QUAD4  : 3000
QUAD8  : 0
TETRA4 : 0
TETRA10: 0
HEXA8  : 0
HEXA20 : 0
PENTA6 : 0
PENTA15: 0
domains: 1
nodes  : 3131
TRIA3  : 0
TRIA6  : 0
QUAD4  : 3000
QUAD8  : 0
TETRA4 : 0
TETRA10: 0
HEXA8  : 0
HEXA20 : 0
PENTA6 : 0
PENTA15: 0
domains: 1
nodes  : 3131
TRIA3  : 0
TRIA6  : 0
QUAD4  : 3000
QUAD8  : 0
TETRA4 : 0
TETRA10: 0
HEXA8  : 0
HEXA20 : 0
PENTA6 : 0
PENTA15: 0
domains: 1
nodes  : 3131
TRIA3  : 0
TRIA6  : 0
QUAD4  : 3000
QUAD8  : 0
TETRA4 : 0
TETRA10: 0
HEXA8  : 0
HEXA20 : 0
PENTA6 : 0
PENTA15: 0
domains: 1
nodes  : 3131
TRIA3  : 0
TRIA6  : 0
QUAD4  : 3000
QUAD8  : 0
TETRA4 : 0
TETRA10: 0
HEXA8  : 0
HEXA20 : 0
PENTA6 : 0
PENTA15: 0
domains: 1
nodes  : 3131
TRIA3  : 0
TRIA6  : 0
QUAD4  : 3000
QUAD8  : 0
TETRA4 : 0
TETRA10: 0
HEXA8  : 0
HEXA20 : 0
PENTA6 : 0
PENTA15: 0
domains: 1
nodes  : 3131
TRIA3  : 0
TRIA6  : 0
QUAD4  : 3000
QUAD8  : 0
TETRA4 : 0
TETRA10: 0
HEXA8  : 0
HEXA20 : 0
PENTA6 : 0
PENTA15: 0
domains: 1
nodes  : 3131
TRIA3  : 0
TRIA6  : 0
QUAD4  : 3000
QUAD8  : 0
TETRA4 : 0
TETRA10: 0
HEXA8  : 0
HEXA20 : 0
PENTA6 : 0
PENTA15: 0
domains: 1
nodes  : 3131
TRIA3  : 0
TRIA6  : 0
QUAD4  : 3000
QUAD8  : 0
TETRA4 : 0
TETRA10: 0
HEXA8  : 0
HEXA20 : 0
PENTA6 : 0
PENTA15: 0
domains: 1
nodes  : 3131
TRIA3  : 0
TRIA6  : 0
QUAD4  : 3000
QUAD8  : 0
TETRA4 : 0
TETRA10: 0
HEXA8  : 0
HEXA20 : 0
PENTA6 : 0
PENTA15: 0
domains: 1
nodes  : 3131
TRIA3  : 0
TRIA6  : 0
QUAD4  : 3000
QUAD8  : 0
TETRA4 : 0
TETRA10: 0
HEXA8  : 0
HEXA20 : 0
PENTA6 : 0
PENTA15: 0
